2022-07-18 11:21:43.466  INFO 13172 --- [main] c.e.finalproject.user.UserApplication    : Starting UserApplication using Java 18.0.1.1 on DESKTOP-DTS1JCD with PID 13172 (C:\Users\Fethi\Desktop\FinalProject\user\target\classes started by Fethi in C:\Users\Fethi\Desktop\FinalProject\user)
2022-07-18 11:21:43.468  INFO 13172 --- [main] c.e.finalproject.user.UserApplication    : No active profile set, falling back to 1 default profile: "default"
2022-07-18 11:21:43.853  INFO 13172 --- [main] .s.d.r.c.RepositoryConfigurationDelegate : Bootstrapping Spring Data JPA repositories in DEFAULT mode.
2022-07-18 11:21:43.886  INFO 13172 --- [main] .s.d.r.c.RepositoryConfigurationDelegate : Finished Spring Data repository scanning in 29 ms. Found 2 JPA repository interfaces.
2022-07-18 11:21:44.222  INFO 13172 --- [main] o.s.b.w.embedded.tomcat.TomcatWebServer  : Tomcat initialized with port(s): 8081 (http)
2022-07-18 11:21:44.227  INFO 13172 --- [main] o.apache.catalina.core.StandardService   : Starting service [Tomcat]
2022-07-18 11:21:44.227  INFO 13172 --- [main] org.apache.catalina.core.StandardEngine  : Starting Servlet engine: [Apache Tomcat/9.0.64]
2022-07-18 11:21:44.287  INFO 13172 --- [main] o.a.c.c.C.[Tomcat].[localhost].[/]       : Initializing Spring embedded WebApplicationContext
2022-07-18 11:21:44.288  INFO 13172 --- [main] w.s.c.ServletWebServerApplicationContext : Root WebApplicationContext: initialization completed in 787 ms
2022-07-18 11:21:44.323  WARN 13172 --- [main] JpaBaseConfiguration$JpaWebConfiguration : spring.jpa.open-in-view is enabled by default. Therefore, database queries may be performed during view rendering. Explicitly configure spring.jpa.open-in-view to disable this warning
2022-07-18 11:21:44.556  INFO 13172 --- [main] com.zaxxer.hikari.HikariDataSource       : HikariPool-1 - Starting...
2022-07-18 11:21:44.647  INFO 13172 --- [main] com.zaxxer.hikari.HikariDataSource       : HikariPool-1 - Start completed.
2022-07-18 11:21:45.030  INFO 13172 --- [main] j.LocalContainerEntityManagerFactoryBean : Initialized JPA EntityManagerFactory for persistence unit 'default'
2022-07-18 11:21:45.506  INFO 13172 --- [main] o.s.s.web.DefaultSecurityFilterChain     : Will secure any request with [org.springframework.security.web.session.DisableEncodeUrlFilter@8e8ceb3, org.springframework.security.web.context.request.async.WebAsyncManagerIntegrationFilter@2699b656, org.springframework.security.web.context.SecurityContextPersistenceFilter@342394b3, org.springframework.security.web.header.HeaderWriterFilter@17c34e62, org.springframework.web.filter.CorsFilter@5d67b2b3, org.springframework.security.web.authentication.logout.LogoutFilter@2ed35f24, com.emlakjet.finalproject.user.security.JwtAuthenticationFilter@4acc27fd, org.springframework.security.web.savedrequest.RequestCacheAwareFilter@1e01b195, org.springframework.security.web.servletapi.SecurityContextHolderAwareRequestFilter@5016f1a, org.springframework.security.web.authentication.AnonymousAuthenticationFilter@49bc71b4, org.springframework.security.web.session.SessionManagementFilter@7c02b3cb, org.springframework.security.web.access.ExceptionTranslationFilter@665b441e, org.springframework.security.web.access.intercept.FilterSecurityInterceptor@1ca0aa40]
2022-07-18 11:21:45.634  INFO 13172 --- [main] o.s.b.w.embedded.tomcat.TomcatWebServer  : Tomcat started on port(s): 8081 (http) with context path ''
2022-07-18 11:21:45.641  INFO 13172 --- [main] c.e.finalproject.user.UserApplication    : Started UserApplication in 2.428 seconds (JVM running for 2.831)
2022-07-18 11:25:29.205  INFO 13172 --- [http-nio-8081-exec-2] o.a.c.c.C.[Tomcat].[localhost].[/]       : Initializing Spring DispatcherServlet 'dispatcherServlet'
2022-07-18 12:38:45.940  INFO 13172 --- [SpringApplicationShutdownHook] j.LocalContainerEntityManagerFactoryBean : Closing JPA EntityManagerFactory for persistence unit 'default'
2022-07-18 12:38:45.940  INFO 13172 --- [SpringApplicationShutdownHook] com.zaxxer.hikari.HikariDataSource       : HikariPool-1 - Shutdown initiated...
2022-07-18 12:38:45.946  INFO 13172 --- [SpringApplicationShutdownHook] com.zaxxer.hikari.HikariDataSource       : HikariPool-1 - Shutdown completed.
